Performing C SOURCE FILE Test CMAKE_HAVE_LIBC_PTHREAD failed with the following output:
Change Dir: /mnt/c/Users/Anoxiacxy/Documents/Github/CPU-RISCV/serial/build/CMakeFiles/CMakeTmp

Run Build Command(s):/usr/bin/make cmTC_88e2c/fast && make[1]: Entering directory '/mnt/c/Users/Anoxiacxy/Documents/Github/CPU-RISCV/serial/build/CMakeFiles/CMakeTmp'
/usr/bin/make -f CMakeFiles/cmTC_88e2c.dir/build.make CMakeFiles/cmTC_88e2c.dir/build
make[2]: Entering directory '/mnt/c/Users/Anoxiacxy/Documents/Github/CPU-RISCV/serial/build/CMakeFiles/CMakeTmp'
Building C object CMakeFiles/cmTC_88e2c.dir/src.c.o
/usr/bin/cc   -DCMAKE_HAVE_LIBC_PTHREAD   -o CMakeFiles/cmTC_88e2c.dir/src.c.o   -c /mnt/c/Users/Anoxiacxy/Documents/Github/CPU-RISCV/serial/build/CMakeFiles/CMakeTmp/src.c
Linking C executable cmTC_88e2c
/usr/bin/cmake -E cmake_link_script CMakeFiles/cmTC_88e2c.dir/link.txt --verbose=1
/usr/bin/cc  -DCMAKE_HAVE_LIBC_PTHREAD    -rdynamic CMakeFiles/cmTC_88e2c.dir/src.c.o  -o cmTC_88e2c 
/usr/bin/ld: CMakeFiles/cmTC_88e2c.dir/src.c.o: in function `main':
src.c:(.text+0x46): undefined reference to `pthread_create'
/usr/bin/ld: src.c:(.text+0x52): undefined reference to `pthread_detach'
/usr/bin/ld: src.c:(.text+0x63): undefined reference to `pthread_join'
collect2: error: ld returned 1 exit status
make[2]: *** [CMakeFiles/cmTC_88e2c.dir/build.make:87: cmTC_88e2c] Error 1
make[2]: Leaving directory '/mnt/c/Users/Anoxiacxy/Documents/Github/CPU-RISCV/serial/build/CMakeFiles/CMakeTmp'
make[1]: *** [Makefile:121: cmTC_88e2c/fast] Error 2
make[1]: Leaving directory '/mnt/c/Users/Anoxiacxy/Documents/Github/CPU-RISCV/serial/build/CMakeFiles/CMakeTmp'


Source file was:
#include <pthread.h>

void* test_func(void* data)
{
  return data;
}

int main(void)
{
  pthread_t thread;
  pthread_create(&thread, NULL, test_func, NULL);
  pthread_detach(thread);
  pthread_join(thread, NULL);
  pthread_atfork(NULL, NULL, NULL);
  pthread_exit(NULL);

  return 0;
}

Determining if the function pthread_create exists in the pthreads failed with the following output:
Change Dir: /mnt/c/Users/Anoxiacxy/Documents/Github/CPU-RISCV/serial/build/CMakeFiles/CMakeTmp

Run Build Command(s):/usr/bin/make cmTC_4fb5c/fast && make[1]: Entering directory '/mnt/c/Users/Anoxiacxy/Documents/Github/CPU-RISCV/serial/build/CMakeFiles/CMakeTmp'
/usr/bin/make -f CMakeFiles/cmTC_4fb5c.dir/build.make CMakeFiles/cmTC_4fb5c.dir/build
make[2]: Entering directory '/mnt/c/Users/Anoxiacxy/Documents/Github/CPU-RISCV/serial/build/CMakeFiles/CMakeTmp'
Building C object CMakeFiles/cmTC_4fb5c.dir/CheckFunctionExists.c.o
/usr/bin/cc   -DCHECK_FUNCTION_EXISTS=pthread_create   -o CMakeFiles/cmTC_4fb5c.dir/CheckFunctionExists.c.o   -c /usr/share/cmake-3.16/Modules/CheckFunctionExists.c
Linking C executable cmTC_4fb5c
/usr/bin/cmake -E cmake_link_script CMakeFiles/cmTC_4fb5c.dir/link.txt --verbose=1
/usr/bin/cc  -DCHECK_FUNCTION_EXISTS=pthread_create    -rdynamic CMakeFiles/cmTC_4fb5c.dir/CheckFunctionExists.c.o  -o cmTC_4fb5c  -lpthreads 
/usr/bin/ld: cannot find -lpthreads
collect2: error: ld returned 1 exit status
make[2]: *** [CMakeFiles/cmTC_4fb5c.dir/build.make:87: cmTC_4fb5c] Error 1
make[2]: Leaving directory '/mnt/c/Users/Anoxiacxy/Documents/Github/CPU-RISCV/serial/build/CMakeFiles/CMakeTmp'
make[1]: *** [Makefile:121: cmTC_4fb5c/fast] Error 2
make[1]: Leaving directory '/mnt/c/Users/Anoxiacxy/Documents/Github/CPU-RISCV/serial/build/CMakeFiles/CMakeTmp'



